# JRE version: OpenJDK Runtime Environment Temurin-21.0.10+7 (21.0.10+7) (build 21.0.10+7-LTS)
# Java VM: OpenJDK 64-Bit Server VM Temurin-21.0.10+7 (21.0.10+7-LTS, mixed mode, sharing, tiered, compressed oops, compressed class ptrs, parallel gc, windows-amd64)
GC Precious Log:
 CardTable entry size: 512
 CPUs: 12 total, 12 available
 Memory: 15773M
 Large Page Support: Disabled
 NUMA Support: Disabled
 Compressed Oops: Enabled (32-bit)
 Alignments: Space 512K, Generation 512K, Heap 2M
 Heap Min Capacity: 100M
 Heap Initial Capacity: 100M
 Heap Max Capacity: 2G
 Pre-touch: Disabled
 Parallel Workers: 10
Heap:
 PSYoungGen      total 22016K, used 15479K [0x00000000d5580000, 0x00000000d7080000, 0x0000000100000000)
  eden space 20992K, 69% used [0x00000000d5580000,0x00000000d63cf378,0x00000000d6a00000)
  from space 1024K, 80% used [0x00000000d6f80000,0x00000000d704e960,0x00000000d7080000)
  to   space 2048K, 0% used [0x00000000d6c80000,0x00000000d6c80000,0x00000000d6e80000)
 ParOldGen       total 68608K, used 35704K [0x0000000080000000, 0x0000000084300000, 0x00000000d5580000)
  object space 68608K, 52% used [0x0000000080000000,0x00000000822de2f8,0x0000000084300000)
 Metaspace       used 51722K, committed 52928K, reserved 1114112K
  class space    used 5667K, committed 6144K, reserved 1048576K
GC Heap History (20 events):
Event: 35.480 GC heap before
{Heap before GC invocations=21 (full 2):
 PSYoungGen      total 23552K, used 23520K [0x00000000d5580000, 0x00000000d7180000, 0x0000000100000000)
  eden space 22016K, 100% used [0x00000000d5580000,0x00000000d6b00000,0x00000000d6b00000)
  from space 1536K, 97% used [0x00000000d7000000,0x00000000d7178000,0x00000000d7180000)
  to   space 2560K, 0% used [0x00000000d6c80000,0x00000000d6c80000,0x00000000d6f00000)
 ParOldGen       total 68608K, used 22198K [0x0000000080000000, 0x0000000084300000, 0x00000000d5580000)
  object space 68608K, 32% used [0x0000000080000000,0x00000000815ad9c8,0x0000000084300000)
 Metaspace       used 42873K, committed 43968K, reserved 1114112K
  class space    used 4571K, committed 5056K, reserved 1048576K
}
Event: 35.484 GC heap after
{Heap after GC invocations=21 (full 2):
 PSYoungGen      total 23552K, used 1312K [0x00000000d5580000, 0x00000000d7080000, 0x0000000100000000)
  eden space 22016K, 0% used [0x00000000d5580000,0x00000000d5580000,0x00000000d6b00000)
  from space 1536K, 85% used [0x00000000d6c80000,0x00000000d6dc8000,0x00000000d6e00000)
  to   space 2048K, 0% used [0x00000000d6e80000,0x00000000d6e80000,0x00000000d7080000)
 ParOldGen       total 68608K, used 23498K [0x0000000080000000, 0x0000000084300000, 0x00000000d5580000)
  object space 68608K, 34% used [0x0000000080000000,0x00000000816f29d8,0x0000000084300000)
 Metaspace       used 42873K, committed 43968K, reserved 1114112K
  class space    used 4571K, committed 5056K, reserved 1048576K
}
Event: 36.312 GC heap before
{Heap before GC invocations=22 (full 2):
 PSYoungGen      total 23552K, used 23328K [0x00000000d5580000, 0x00000000d7080000, 0x0000000100000000)
  eden space 22016K, 100% used [0x00000000d5580000,0x00000000d6b00000,0x00000000d6b00000)
  from space 1536K, 85% used [0x00000000d6c80000,0x00000000d6dc8000,0x00000000d6e00000)
  to   space 2048K, 0% used [0x00000000d6e80000,0x00000000d6e80000,0x00000000d7080000)
 ParOldGen       total 68608K, used 23498K [0x0000000080000000, 0x0000000084300000, 0x00000000d5580000)
  object space 68608K, 34% used [0x0000000080000000,0x00000000816f29d8,0x0000000084300000)
 Metaspace       used 45585K, committed 46720K, reserved 1114112K
  class space    used 4957K, committed 5440K, reserved 1048576K
}
Event: 36.315 GC heap after
{Heap after GC invocations=22 (full 2):
 PSYoungGen      total 23552K, used 1401K [0x00000000d5580000, 0x00000000d7000000, 0x0000000100000000)
  eden space 22016K, 0% used [0x00000000d5580000,0x00000000d5580000,0x00000000d6b00000)
  from space 1536K, 91% used [0x00000000d6e80000,0x00000000d6fde470,0x00000000d7000000)
  to   space 1536K, 0% used [0x00000000d6c80000,0x00000000d6c80000,0x00000000d6e00000)
 ParOldGen       total 68608K, used 24693K [0x0000000080000000, 0x0000000084300000, 0x00000000d5580000)
  object space 68608K, 35% used [0x0000000080000000,0x000000008181d6f8,0x0000000084300000)
 Metaspace       used 45585K, committed 46720K, reserved 1114112K
  class space    used 4957K, committed 5440K, reserved 1048576K
}
Event: 36.811 GC heap before
{Heap before GC invocations=23 (full 2):
 PSYoungGen      total 23552K, used 23398K [0x00000000d5580000, 0x00000000d7000000, 0x0000000100000000)
  eden space 22016K, 99% used [0x00000000d5580000,0x00000000d6afb638,0x00000000d6b00000)
  from space 1536K, 91% used [0x00000000d6e80000,0x00000000d6fde470,0x00000000d7000000)
  to   space 1536K, 0% used [0x00000000d6c80000,0x00000000d6c80000,0x00000000d6e00000)
 ParOldGen       total 68608K, used 24693K [0x0000000080000000, 0x0000000084300000, 0x00000000d5580000)
  object space 68608K, 35% used [0x0000000080000000,0x000000008181d6f8,0x0000000084300000)
 Metaspace       used 47888K, committed 49024K, reserved 1114112K
  class space    used 5254K, committed 5760K, reserved 1048576K
}
Event: 36.815 GC heap after
{Heap after GC invocations=23 (full 2):
 PSYoungGen      total 23552K, used 1184K [0x00000000d5580000, 0x00000000d6f00000, 0x0000000100000000)
  eden space 22016K, 0% used [0x00000000d5580000,0x00000000d5580000,0x00000000d6b00000)
  from space 1536K, 77% used [0x00000000d6c80000,0x00000000d6da8000,0x00000000d6e00000)
  to   space 1024K, 0% used [0x00000000d6e00000,0x00000000d6e00000,0x00000000d6f00000)
 ParOldGen       total 68608K, used 25932K [0x0000000080000000, 0x0000000084300000, 0x00000000d5580000)
  object space 68608K, 37% used [0x0000000080000000,0x0000000081953260,0x0000000084300000)
 Metaspace       used 47888K, committed 49024K, reserved 1114112K
  class space    used 5254K, committed 5760K, reserved 1048576K
}
Event: 38.847 GC heap before
{Heap before GC invocations=24 (full 2):
 PSYoungGen      total 23552K, used 23200K [0x00000000d5580000, 0x00000000d6f00000, 0x0000000100000000)
  eden space 22016K, 100% used [0x00000000d5580000,0x00000000d6b00000,0x00000000d6b00000)
  from space 1536K, 77% used [0x00000000d6c80000,0x00000000d6da8000,0x00000000d6e00000)
  to   space 1024K, 0% used [0x00000000d6e00000,0x00000000d6e00000,0x00000000d6f00000)
 ParOldGen       total 68608K, used 25932K [0x0000000080000000, 0x0000000084300000, 0x00000000d5580000)
  object space 68608K, 37% used [0x0000000080000000,0x0000000081953260,0x0000000084300000)
 Metaspace       used 49905K, committed 51008K, reserved 1114112K
  class space    used 5480K, committed 5952K, reserved 1048576K
}
Event: 38.849 GC heap after
{Heap after GC invocations=24 (full 2):
 PSYoungGen      total 22016K, used 1016K [0x00000000d5580000, 0x00000000d7300000, 0x0000000100000000)
  eden space 20992K, 0% used [0x00000000d5580000,0x00000000d5580000,0x00000000d6a00000)
  from space 1024K, 99% used [0x00000000d6e00000,0x00000000d6efe378,0x00000000d6f00000)
  to   space 4096K, 0% used [0x00000000d6a00000,0x00000000d6a00000,0x00000000d6e00000)
 ParOldGen       total 68608K, used 28400K [0x0000000080000000, 0x0000000084300000, 0x00000000d5580000)
  object space 68608K, 41% used [0x0000000080000000,0x0000000081bbc140,0x0000000084300000)
 Metaspace       used 49905K, committed 51008K, reserved 1114112K
  class space    used 5480K, committed 5952K, reserved 1048576K
}
Event: 44.311 GC heap before
{Heap before GC invocations=25 (full 2):
 PSYoungGen      total 22016K, used 22008K [0x00000000d5580000, 0x00000000d7300000, 0x0000000100000000)
  eden space 20992K, 100% used [0x00000000d5580000,0x00000000d6a00000,0x00000000d6a00000)
  from space 1024K, 99% used [0x00000000d6e00000,0x00000000d6efe378,0x00000000d6f00000)
  to   space 4096K, 0% used [0x00000000d6a00000,0x00000000d6a00000,0x00000000d6e00000)
 ParOldGen       total 68608K, used 28400K [0x0000000080000000, 0x0000000084300000, 0x00000000d5580000)
  object space 68608K, 41% used [0x0000000080000000,0x0000000081bbc140,0x0000000084300000)
 Metaspace       used 50085K, committed 51264K, reserved 1114112K
  class space    used 5498K, committed 6016K, reserved 1048576K
}
Event: 44.314 GC heap after
{Heap after GC invocations=25 (full 2):
 PSYoungGen      total 25088K, used 3864K [0x00000000d5580000, 0x00000000d7200000, 0x0000000100000000)
  eden space 20992K, 0% used [0x00000000d5580000,0x00000000d5580000,0x00000000d6a00000)
  from space 4096K, 94% used [0x00000000d6a00000,0x00000000d6dc62d0,0x00000000d6e00000)
  to   space 4096K, 0% used [0x00000000d6e00000,0x00000000d6e00000,0x00000000d7200000)
 ParOldGen       total 68608K, used 29419K [0x0000000080000000, 0x0000000084300000, 0x00000000d5580000)
  object space 68608K, 42% used [0x0000000080000000,0x0000000081cbad80,0x0000000084300000)
 Metaspace       used 50085K, committed 51264K, reserved 1114112K
  class space    used 5498K, committed 6016K, reserved 1048576K
}
Event: 45.474 GC heap before
{Heap before GC invocations=26 (full 2):
 PSYoungGen      total 25088K, used 24856K [0x00000000d5580000, 0x00000000d7200000, 0x0000000100000000)
  eden space 20992K, 100% used [0x00000000d5580000,0x00000000d6a00000,0x00000000d6a00000)
  from space 4096K, 94% used [0x00000000d6a00000,0x00000000d6dc62d0,0x00000000d6e00000)
  to   space 4096K, 0% used [0x00000000d6e00000,0x00000000d6e00000,0x00000000d7200000)
 ParOldGen       total 68608K, used 29419K [0x0000000080000000, 0x0000000084300000, 0x00000000d5580000)
  object space 68608K, 42% used [0x0000000080000000,0x0000000081cbad80,0x0000000084300000)
 Metaspace       used 50135K, committed 51328K, reserved 1114112K
  class space    used 5499K, committed 6016K, reserved 1048576K
}
Event: 45.477 GC heap after
{Heap after GC invocations=26 (full 2):
 PSYoungGen      total 23040K, used 1952K [0x00000000d5580000, 0x00000000d7000000, 0x0000000100000000)
  eden space 20992K, 0% used [0x00000000d5580000,0x00000000d5580000,0x00000000d6a00000)
  from space 2048K, 95% used [0x00000000d6e00000,0x00000000d6fe8000,0x00000000d7000000)
  to   space 3072K, 0% used [0x00000000d6a00000,0x00000000d6a00000,0x00000000d6d00000)
 ParOldGen       total 68608K, used 30251K [0x0000000080000000, 0x0000000084300000, 0x00000000d5580000)
  object space 68608K, 44% used [0x0000000080000000,0x0000000081d8ad58,0x0000000084300000)
 Metaspace       used 50135K, committed 51328K, reserved 1114112K
  class space    used 5499K, committed 6016K, reserved 1048576K
}
Event: 45.535 GC heap before
{Heap before GC invocations=27 (full 2):
 PSYoungGen      total 23040K, used 22944K [0x00000000d5580000, 0x00000000d7000000, 0x0000000100000000)
  eden space 20992K, 100% used [0x00000000d5580000,0x00000000d6a00000,0x00000000d6a00000)
  from space 2048K, 95% used [0x00000000d6e00000,0x00000000d6fe8000,0x00000000d7000000)
  to   space 3072K, 0% used [0x00000000d6a00000,0x00000000d6a00000,0x00000000d6d00000)
 ParOldGen       total 68608K, used 30251K [0x0000000080000000, 0x0000000084300000, 0x00000000d5580000)
  object space 68608K, 44% used [0x0000000080000000,0x0000000081d8ad58,0x0000000084300000)
 Metaspace       used 50164K, committed 51328K, reserved 1114112K
  class space    used 5499K, committed 6016K, reserved 1048576K
}
Event: 45.540 GC heap after
{Heap after GC invocations=27 (full 2):
 PSYoungGen      total 24064K, used 3072K [0x00000000d5580000, 0x00000000d7b00000, 0x0000000100000000)
  eden space 20992K, 0% used [0x00000000d5580000,0x00000000d5580000,0x00000000d6a00000)
  from space 3072K, 100% used [0x00000000d6a00000,0x00000000d6d00000,0x00000000d6d00000)
  to   space 8704K, 0% used [0x00000000d7280000,0x00000000d7280000,0x00000000d7b00000)
 ParOldGen       total 68608K, used 34828K [0x0000000080000000, 0x0000000084300000, 0x00000000d5580000)
  object space 68608K, 50% used [0x0000000080000000,0x00000000822032b0,0x0000000084300000)
 Metaspace       used 50164K, committed 51328K, reserved 1114112K
  class space    used 5499K, committed 6016K, reserved 1048576K
}
Event: 45.576 GC heap before
{Heap before GC invocations=28 (full 2):
 PSYoungGen      total 24064K, used 24064K [0x00000000d5580000, 0x00000000d7b00000, 0x0000000100000000)
  eden space 20992K, 100% used [0x00000000d5580000,0x00000000d6a00000,0x00000000d6a00000)
  from space 3072K, 100% used [0x00000000d6a00000,0x00000000d6d00000,0x00000000d6d00000)
  to   space 8704K, 0% used [0x00000000d7280000,0x00000000d7280000,0x00000000d7b00000)
 ParOldGen       total 68608K, used 34828K [0x0000000080000000, 0x0000000084300000, 0x00000000d5580000)
  object space 68608K, 50% used [0x0000000080000000,0x00000000822032b0,0x0000000084300000)
 Metaspace       used 50184K, committed 51328K, reserved 1114112K
  class space    used 5501K, committed 6016K, reserved 1048576K
}
Event: 45.581 GC heap after
{Heap after GC invocations=28 (full 2):
 PSYoungGen      total 25088K, used 3888K [0x00000000d5580000, 0x00000000d7680000, 0x0000000100000000)
  eden space 20992K, 0% used [0x00000000d5580000,0x00000000d5580000,0x00000000d6a00000)
  from space 4096K, 94% used [0x00000000d7280000,0x00000000d764c018,0x00000000d7680000)
  to   space 5632K, 0% used [0x00000000d6b80000,0x00000000d6b80000,0x00000000d7100000)
 ParOldGen       total 68608K, used 35472K [0x0000000080000000, 0x0000000084300000, 0x00000000d5580000)
  object space 68608K, 51% used [0x0000000080000000,0x00000000822a42f8,0x0000000084300000)
 Metaspace       used 50184K, committed 51328K, reserved 1114112K
  class space    used 5501K, committed 6016K, reserved 1048576K
}
Event: 45.614 GC heap before
{Heap before GC invocations=29 (full 2):
 PSYoungGen      total 25088K, used 24880K [0x00000000d5580000, 0x00000000d7680000, 0x0000000100000000)
  eden space 20992K, 100% used [0x00000000d5580000,0x00000000d6a00000,0x00000000d6a00000)
  from space 4096K, 94% used [0x00000000d7280000,0x00000000d764c018,0x00000000d7680000)
  to   space 5632K, 0% used [0x00000000d6b80000,0x00000000d6b80000,0x00000000d7100000)
 ParOldGen       total 68608K, used 35472K [0x0000000080000000, 0x0000000084300000, 0x00000000d5580000)
  object space 68608K, 51% used [0x0000000080000000,0x00000000822a42f8,0x0000000084300000)
 Metaspace       used 50185K, committed 51328K, reserved 1114112K
  class space    used 5501K, committed 6016K, reserved 1048576K
}
Event: 45.618 GC heap after
{Heap after GC invocations=29 (full 2):
 PSYoungGen      total 25088K, used 3744K [0x00000000d5580000, 0x00000000d7300000, 0x0000000100000000)
  eden space 20992K, 0% used [0x00000000d5580000,0x00000000d5580000,0x00000000d6a00000)
  from space 4096K, 91% used [0x00000000d6b80000,0x00000000d6f28000,0x00000000d6f80000)
  to   space 3584K, 0% used [0x00000000d6f80000,0x00000000d6f80000,0x00000000d7300000)
 ParOldGen       total 68608K, used 35544K [0x0000000080000000, 0x0000000084300000, 0x00000000d5580000)
  object space 68608K, 51% used [0x0000000080000000,0x00000000822b62f8,0x0000000084300000)
 Metaspace       used 50185K, committed 51328K, reserved 1114112K
  class space    used 5501K, committed 6016K, reserved 1048576K
}
Event: 49.741 GC heap before
{Heap before GC invocations=30 (full 2):
 PSYoungGen      total 25088K, used 24736K [0x00000000d5580000, 0x00000000d7300000, 0x0000000100000000)
  eden space 20992K, 100% used [0x00000000d5580000,0x00000000d6a00000,0x00000000d6a00000)
  from space 4096K, 91% used [0x00000000d6b80000,0x00000000d6f28000,0x00000000d6f80000)
  to   space 3584K, 0% used [0x00000000d6f80000,0x00000000d6f80000,0x00000000d7300000)
 ParOldGen       total 68608K, used 35544K [0x0000000080000000, 0x0000000084300000, 0x00000000d5580000)
  object space 68608K, 51% used [0x0000000080000000,0x00000000822b62f8,0x0000000084300000)
 Metaspace       used 51133K, committed 52352K, reserved 1114112K
  class space    used 5598K, committed 6144K, reserved 1048576K
}
Event: 49.743 GC heap after
{Heap after GC invocations=30 (full 2):
 PSYoungGen      total 22016K, used 826K [0x00000000d5580000, 0x00000000d7080000, 0x0000000100000000)
  eden space 20992K, 0% used [0x00000000d5580000,0x00000000d5580000,0x00000000d6a00000)
  from space 1024K, 80% used [0x00000000d6f80000,0x00000000d704e960,0x00000000d7080000)
  to   space 2048K, 0% used [0x00000000d6c80000,0x00000000d6c80000,0x00000000d6e80000)
 ParOldGen       total 68608K, used 35704K [0x0000000080000000, 0x0000000084300000, 0x00000000d5580000)
  object space 68608K, 52% used [0x0000000080000000,0x00000000822de2f8,0x0000000084300000)
 Metaspace       used 51133K, committed 52352K, reserved 1114112K
  class space    used 5598K, committed 6144K, reserved 1048576K
}

